Fri 13 Dec 2024 17:13:56 INFO  ['hyperparameters.py']
Fri 13 Dec 2024 17:13:56 INFO  
General Hyper Parameters:
gpu_id = 0
use_gpu = True
seed = 2020
state = INFO
reproducibility = True
data_path = /Users/ethanreinhart/miniforge3/lib/python3.10/site-packages/recbole/config/../dataset_example/ml-100k
checkpoint_dir = saved
show_progress = True
save_dataset = False
dataset_save_path = None
save_dataloaders = False
dataloaders_save_path = None
log_wandb = False

Training Hyper Parameters:
epochs = 300
train_batch_size = 2048
learner = adam
learning_rate = 0.001
train_neg_sample_args = {'distribution': 'uniform', 'sample_num': 1, 'alpha': 1.0, 'dynamic': False, 'candidate_num': 0}
eval_step = 1
stopping_step = 10
clip_grad_norm = None
weight_decay = 0.0
loss_decimal_place = 4

Evaluation Hyper Parameters:
eval_args = {'split': {'RS': [0.8, 0.1, 0.1]}, 'order': 'RO', 'group_by': 'user', 'mode': {'valid': 'full', 'test': 'full'}}
repeatable = False
metrics = ['Recall', 'MRR', 'NDCG', 'Hit', 'Precision']
topk = [10]
valid_metric = MRR@10
valid_metric_bigger = True
eval_batch_size = 4096
metric_decimal_place = 4

Dataset Hyper Parameters:
field_separator = 	
seq_separator =  
USER_ID_FIELD = user_id
ITEM_ID_FIELD = item_id
RATING_FIELD = rating
TIME_FIELD = timestamp
seq_len = None
LABEL_FIELD = label
threshold = None
NEG_PREFIX = neg_
load_col = {'inter': ['user_id', 'item_id', 'rating', 'timestamp']}
unload_col = None
unused_col = None
additional_feat_suffix = None
rm_dup_inter = None
val_interval = None
filter_inter_by_user_or_item = True
user_inter_num_interval = None
item_inter_num_interval = None
alias_of_user_id = None
alias_of_item_id = None
alias_of_entity_id = None
alias_of_relation_id = None
preload_weight = None
normalize_field = None
normalize_all = True
ITEM_LIST_LENGTH_FIELD = item_length
LIST_SUFFIX = _list
MAX_ITEM_LIST_LENGTH = 50
POSITION_FIELD = position_id
HEAD_ENTITY_ID_FIELD = head_id
TAIL_ENTITY_ID_FIELD = tail_id
RELATION_ID_FIELD = relation_id
ENTITY_ID_FIELD = entity_id
kg_reverse_r = False
entity_kg_num_interval = None
relation_kg_num_interval = None
benchmark_filename = None

Other Hyper Parameters: 
worker = 0
wandb_project = recbole
shuffle = True
require_pow = False
enable_amp = False
enable_scaler = False
transform = None
embedding_size = 16
n_layers = 1
reg_weight = 1e-05
numerical_features = []
discretization = None
MODEL_TYPE = ModelType.GENERAL
MODEL_INPUT_TYPE = InputType.PAIRWISE
eval_type = EvaluatorType.RANKING
single_spec = True
local_rank = 0
device = cpu
valid_neg_sample_args = {'distribution': 'uniform', 'sample_num': 'none'}
test_neg_sample_args = {'distribution': 'uniform', 'sample_num': 'none'}


Fri 13 Dec 2024 17:13:57 INFO  ml-100k
The number of users: 944
Average actions of users: 106.04453870625663
The number of items: 1683
Average actions of items: 59.45303210463734
The number of inters: 100000
The sparsity of the dataset: 93.70575143257098%
Remain Fields: ['user_id', 'item_id', 'rating', 'timestamp']
Fri 13 Dec 2024 17:13:57 INFO  [Training]: train_batch_size = [2048] train_neg_sample_args: [{'distribution': 'uniform', 'sample_num': 1, 'alpha': 1.0, 'dynamic': False, 'candidate_num': 0}]
Fri 13 Dec 2024 17:13:57 INFO  [Evaluation]: eval_batch_size = [4096] eval_args: [{'split': {'RS': [0.8, 0.1, 0.1]}, 'order': 'RO', 'group_by': 'user', 'mode': {'valid': 'full', 'test': 'full'}}]
Fri 13 Dec 2024 17:13:57 INFO  LightGCN(
  (user_embedding): Embedding(944, 16)
  (item_embedding): Embedding(1683, 16)
  (mf_loss): BPRLoss()
  (reg_loss): EmbLoss()
)
Trainable parameters: 42032
Fri 13 Dec 2024 17:13:57 INFO  FLOPs: 0.0
Fri 13 Dec 2024 17:13:58 INFO  epoch 0 training [time: 0.26s, train loss: 27.7155]
Fri 13 Dec 2024 17:13:58 INFO  epoch 0 evaluating [time: 0.05s, valid_score: 0.122800]
Fri 13 Dec 2024 17:13:58 INFO  valid result: 
recall@10 : 0.042    mrr@10 : 0.1228    ndcg@10 : 0.0524    hit@10 : 0.2959    precision@10 : 0.0378
Fri 13 Dec 2024 17:13:58 INFO  Saving current: saved/LightGCN-Dec-13-2024_17-13-57.pth
Fri 13 Dec 2024 17:13:58 INFO  epoch 1 training [time: 0.22s, train loss: 27.5368]
Fri 13 Dec 2024 17:13:58 INFO  epoch 1 evaluating [time: 0.04s, valid_score: 0.269800]
Fri 13 Dec 2024 17:13:58 INFO  valid result: 
recall@10 : 0.1372    mrr@10 : 0.2698    ndcg@10 : 0.1504    hit@10 : 0.597    precision@10 : 0.1074
Fri 13 Dec 2024 17:13:58 INFO  Saving current: saved/LightGCN-Dec-13-2024_17-13-57.pth
Fri 13 Dec 2024 17:13:58 INFO  epoch 2 training [time: 0.24s, train loss: 26.5103]
Fri 13 Dec 2024 17:13:58 INFO  epoch 2 evaluating [time: 0.05s, valid_score: 0.290100]
Fri 13 Dec 2024 17:13:58 INFO  valid result: 
recall@10 : 0.1367    mrr@10 : 0.2901    ndcg@10 : 0.1541    hit@10 : 0.5864    precision@10 : 0.104
Fri 13 Dec 2024 17:13:58 INFO  Saving current: saved/LightGCN-Dec-13-2024_17-13-57.pth
Fri 13 Dec 2024 17:13:58 INFO  epoch 3 training [time: 0.24s, train loss: 24.1878]
Fri 13 Dec 2024 17:13:59 INFO  epoch 3 evaluating [time: 0.04s, valid_score: 0.279700]
Fri 13 Dec 2024 17:13:59 INFO  valid result: 
recall@10 : 0.1349    mrr@10 : 0.2797    ndcg@10 : 0.1489    hit@10 : 0.5811    precision@10 : 0.1
Fri 13 Dec 2024 17:13:59 INFO  epoch 4 training [time: 0.22s, train loss: 21.3481]
Fri 13 Dec 2024 17:13:59 INFO  epoch 4 evaluating [time: 0.04s, valid_score: 0.275500]
Fri 13 Dec 2024 17:13:59 INFO  valid result: 
recall@10 : 0.1375    mrr@10 : 0.2755    ndcg@10 : 0.148    hit@10 : 0.5854    precision@10 : 0.0999
Fri 13 Dec 2024 17:13:59 INFO  epoch 5 training [time: 0.22s, train loss: 18.7661]
Fri 13 Dec 2024 17:13:59 INFO  epoch 5 evaluating [time: 0.05s, valid_score: 0.276300]
Fri 13 Dec 2024 17:13:59 INFO  valid result: 
recall@10 : 0.1423    mrr@10 : 0.2763    ndcg@10 : 0.1492    hit@10 : 0.5938    precision@10 : 0.0999
Fri 13 Dec 2024 17:13:59 INFO  epoch 6 training [time: 0.21s, train loss: 16.8782]
Fri 13 Dec 2024 17:13:59 INFO  epoch 6 evaluating [time: 0.04s, valid_score: 0.277100]
Fri 13 Dec 2024 17:13:59 INFO  valid result: 
recall@10 : 0.1451    mrr@10 : 0.2771    ndcg@10 : 0.1512    hit@10 : 0.6023    precision@10 : 0.1016
Fri 13 Dec 2024 17:14:00 INFO  epoch 7 training [time: 0.21s, train loss: 15.6545]
Fri 13 Dec 2024 17:14:00 INFO  epoch 7 evaluating [time: 0.05s, valid_score: 0.281100]
Fri 13 Dec 2024 17:14:00 INFO  valid result: 
recall@10 : 0.1488    mrr@10 : 0.2811    ndcg@10 : 0.1538    hit@10 : 0.6076    precision@10 : 0.1028
Fri 13 Dec 2024 17:14:00 INFO  epoch 8 training [time: 0.21s, train loss: 14.7491]
Fri 13 Dec 2024 17:14:00 INFO  epoch 8 evaluating [time: 0.04s, valid_score: 0.285600]
Fri 13 Dec 2024 17:14:00 INFO  valid result: 
recall@10 : 0.153    mrr@10 : 0.2856    ndcg@10 : 0.1575    hit@10 : 0.6119    precision@10 : 0.1049
Fri 13 Dec 2024 17:14:00 INFO  epoch 9 training [time: 0.22s, train loss: 14.1181]
Fri 13 Dec 2024 17:14:00 INFO  epoch 9 evaluating [time: 0.05s, valid_score: 0.289400]
Fri 13 Dec 2024 17:14:00 INFO  valid result: 
recall@10 : 0.1557    mrr@10 : 0.2894    ndcg@10 : 0.1606    hit@10 : 0.6151    precision@10 : 0.1077
Fri 13 Dec 2024 17:14:00 INFO  epoch 10 training [time: 0.21s, train loss: 13.6790]
Fri 13 Dec 2024 17:14:00 INFO  epoch 10 evaluating [time: 0.04s, valid_score: 0.288700]
Fri 13 Dec 2024 17:14:00 INFO  valid result: 
recall@10 : 0.1556    mrr@10 : 0.2887    ndcg@10 : 0.1603    hit@10 : 0.614    precision@10 : 0.1073
Fri 13 Dec 2024 17:14:01 INFO  epoch 11 training [time: 0.21s, train loss: 13.3097]
Fri 13 Dec 2024 17:14:01 INFO  epoch 11 evaluating [time: 0.04s, valid_score: 0.294600]
Fri 13 Dec 2024 17:14:01 INFO  valid result: 
recall@10 : 0.1567    mrr@10 : 0.2946    ndcg@10 : 0.1625    hit@10 : 0.6182    precision@10 : 0.1086
Fri 13 Dec 2024 17:14:01 INFO  Saving current: saved/LightGCN-Dec-13-2024_17-13-57.pth
Fri 13 Dec 2024 17:14:01 INFO  epoch 12 training [time: 0.21s, train loss: 13.0179]
Fri 13 Dec 2024 17:14:01 INFO  epoch 12 evaluating [time: 0.04s, valid_score: 0.293600]
Fri 13 Dec 2024 17:14:01 INFO  valid result: 
recall@10 : 0.156    mrr@10 : 0.2936    ndcg@10 : 0.163    hit@10 : 0.6204    precision@10 : 0.1099
Fri 13 Dec 2024 17:14:01 INFO  epoch 13 training [time: 0.21s, train loss: 12.7815]
Fri 13 Dec 2024 17:14:01 INFO  epoch 13 evaluating [time: 0.04s, valid_score: 0.295000]
Fri 13 Dec 2024 17:14:01 INFO  valid result: 
recall@10 : 0.1561    mrr@10 : 0.295    ndcg@10 : 0.1637    hit@10 : 0.6172    precision@10 : 0.1104
Fri 13 Dec 2024 17:14:01 INFO  Saving current: saved/LightGCN-Dec-13-2024_17-13-57.pth
Fri 13 Dec 2024 17:14:01 INFO  epoch 14 training [time: 0.21s, train loss: 12.6175]
Fri 13 Dec 2024 17:14:01 INFO  epoch 14 evaluating [time: 0.04s, valid_score: 0.297800]
Fri 13 Dec 2024 17:14:01 INFO  valid result: 
recall@10 : 0.159    mrr@10 : 0.2978    ndcg@10 : 0.1669    hit@10 : 0.6214    precision@10 : 0.1133
Fri 13 Dec 2024 17:14:01 INFO  Saving current: saved/LightGCN-Dec-13-2024_17-13-57.pth
Fri 13 Dec 2024 17:14:02 INFO  epoch 15 training [time: 0.21s, train loss: 12.3967]
Fri 13 Dec 2024 17:14:02 INFO  epoch 15 evaluating [time: 0.04s, valid_score: 0.298900]
Fri 13 Dec 2024 17:14:02 INFO  valid result: 
recall@10 : 0.1591    mrr@10 : 0.2989    ndcg@10 : 0.1678    hit@10 : 0.6235    precision@10 : 0.1142
Fri 13 Dec 2024 17:14:02 INFO  Saving current: saved/LightGCN-Dec-13-2024_17-13-57.pth
Fri 13 Dec 2024 17:14:02 INFO  epoch 16 training [time: 0.21s, train loss: 12.2778]
Fri 13 Dec 2024 17:14:02 INFO  epoch 16 evaluating [time: 0.04s, valid_score: 0.304600]
Fri 13 Dec 2024 17:14:02 INFO  valid result: 
recall@10 : 0.1622    mrr@10 : 0.3046    ndcg@10 : 0.171    hit@10 : 0.6331    precision@10 : 0.117
Fri 13 Dec 2024 17:14:02 INFO  Saving current: saved/LightGCN-Dec-13-2024_17-13-57.pth
Fri 13 Dec 2024 17:14:02 INFO  epoch 17 training [time: 0.23s, train loss: 12.1391]
Fri 13 Dec 2024 17:14:02 INFO  epoch 17 evaluating [time: 0.04s, valid_score: 0.306000]
Fri 13 Dec 2024 17:14:02 INFO  valid result: 
recall@10 : 0.1616    mrr@10 : 0.306    ndcg@10 : 0.1717    hit@10 : 0.632    precision@10 : 0.1176
Fri 13 Dec 2024 17:14:02 INFO  Saving current: saved/LightGCN-Dec-13-2024_17-13-57.pth
Fri 13 Dec 2024 17:14:02 INFO  epoch 18 training [time: 0.22s, train loss: 11.9651]
Fri 13 Dec 2024 17:14:02 INFO  epoch 18 evaluating [time: 0.04s, valid_score: 0.305800]
Fri 13 Dec 2024 17:14:02 INFO  valid result: 
recall@10 : 0.1627    mrr@10 : 0.3058    ndcg@10 : 0.1727    hit@10 : 0.632    precision@10 : 0.1185
Fri 13 Dec 2024 17:14:03 INFO  epoch 19 training [time: 0.22s, train loss: 12.0253]
Fri 13 Dec 2024 17:14:03 INFO  epoch 19 evaluating [time: 0.04s, valid_score: 0.305300]
Fri 13 Dec 2024 17:14:03 INFO  valid result: 
recall@10 : 0.1613    mrr@10 : 0.3053    ndcg@10 : 0.1722    hit@10 : 0.6299    precision@10 : 0.1181
Fri 13 Dec 2024 17:14:03 INFO  epoch 20 training [time: 0.21s, train loss: 11.8712]
Fri 13 Dec 2024 17:14:03 INFO  epoch 20 evaluating [time: 0.04s, valid_score: 0.303400]
Fri 13 Dec 2024 17:14:03 INFO  valid result: 
recall@10 : 0.1626    mrr@10 : 0.3034    ndcg@10 : 0.1729    hit@10 : 0.632    precision@10 : 0.1195
Fri 13 Dec 2024 17:14:03 INFO  epoch 21 training [time: 0.21s, train loss: 11.8027]
Fri 13 Dec 2024 17:14:03 INFO  epoch 21 evaluating [time: 0.04s, valid_score: 0.304400]
Fri 13 Dec 2024 17:14:03 INFO  valid result: 
recall@10 : 0.1628    mrr@10 : 0.3044    ndcg@10 : 0.1733    hit@10 : 0.632    precision@10 : 0.1195
Fri 13 Dec 2024 17:14:03 INFO  epoch 22 training [time: 0.21s, train loss: 11.6619]
Fri 13 Dec 2024 17:14:03 INFO  epoch 22 evaluating [time: 0.04s, valid_score: 0.302300]
Fri 13 Dec 2024 17:14:03 INFO  valid result: 
recall@10 : 0.1617    mrr@10 : 0.3023    ndcg@10 : 0.1728    hit@10 : 0.6299    precision@10 : 0.1196
Fri 13 Dec 2024 17:14:04 INFO  epoch 23 training [time: 0.21s, train loss: 11.7075]
Fri 13 Dec 2024 17:14:04 INFO  epoch 23 evaluating [time: 0.04s, valid_score: 0.303400]
Fri 13 Dec 2024 17:14:04 INFO  valid result: 
recall@10 : 0.1619    mrr@10 : 0.3034    ndcg@10 : 0.1734    hit@10 : 0.6299    precision@10 : 0.1203
Fri 13 Dec 2024 17:14:04 INFO  epoch 24 training [time: 0.21s, train loss: 11.4945]
Fri 13 Dec 2024 17:14:04 INFO  epoch 24 evaluating [time: 0.04s, valid_score: 0.302000]
Fri 13 Dec 2024 17:14:04 INFO  valid result: 
recall@10 : 0.1622    mrr@10 : 0.302    ndcg@10 : 0.1732    hit@10 : 0.6331    precision@10 : 0.1204
Fri 13 Dec 2024 17:14:04 INFO  epoch 25 training [time: 0.22s, train loss: 11.5001]
Fri 13 Dec 2024 17:14:04 INFO  epoch 25 evaluating [time: 0.04s, valid_score: 0.303000]
Fri 13 Dec 2024 17:14:04 INFO  valid result: 
recall@10 : 0.1631    mrr@10 : 0.303    ndcg@10 : 0.174    hit@10 : 0.6384    precision@10 : 0.1214
Fri 13 Dec 2024 17:14:04 INFO  epoch 26 training [time: 0.21s, train loss: 11.4354]
Fri 13 Dec 2024 17:14:04 INFO  epoch 26 evaluating [time: 0.04s, valid_score: 0.303700]
Fri 13 Dec 2024 17:14:04 INFO  valid result: 
recall@10 : 0.1623    mrr@10 : 0.3037    ndcg@10 : 0.1741    hit@10 : 0.6352    precision@10 : 0.1214
Fri 13 Dec 2024 17:14:05 INFO  epoch 27 training [time: 0.21s, train loss: 11.4294]
Fri 13 Dec 2024 17:14:05 INFO  epoch 27 evaluating [time: 0.04s, valid_score: 0.302100]
Fri 13 Dec 2024 17:14:05 INFO  valid result: 
recall@10 : 0.1619    mrr@10 : 0.3021    ndcg@10 : 0.1737    hit@10 : 0.632    precision@10 : 0.1214
Fri 13 Dec 2024 17:14:05 INFO  epoch 28 training [time: 0.22s, train loss: 11.3710]
Fri 13 Dec 2024 17:14:05 INFO  epoch 28 evaluating [time: 0.05s, valid_score: 0.304400]
Fri 13 Dec 2024 17:14:05 INFO  valid result: 
recall@10 : 0.1627    mrr@10 : 0.3044    ndcg@10 : 0.1746    hit@10 : 0.6331    precision@10 : 0.1221
Fri 13 Dec 2024 17:14:05 INFO  Finished training, best eval result in epoch 17
Fri 13 Dec 2024 17:14:05 INFO  Loading model structure and parameters from saved/LightGCN-Dec-13-2024_17-13-57.pth
Fri 13 Dec 2024 17:14:06 INFO  The running environment of this training is as follows:
+-------------+----------------+
| Environment |     Usage      |
+=============+================+
| CPU         |    26.00 %     |
+-------------+----------------+
| GPU         |   0.0 / 0.0    |
+-------------+----------------+
| Memory      | 0.76 G/18.00 G |
+-------------+----------------+
Fri 13 Dec 2024 17:14:06 INFO  best valid : OrderedDict([('recall@10', 0.1616), ('mrr@10', 0.306), ('ndcg@10', 0.1717), ('hit@10', 0.632), ('precision@10', 0.1176)])
Fri 13 Dec 2024 17:14:06 INFO  test result: OrderedDict([('recall@10', 0.185), ('mrr@10', 0.3582), ('ndcg@10', 0.2052), ('hit@10', 0.6755), ('precision@10', 0.1371)])
