Fri 13 Dec 2024 16:39:55 INFO  ['test.py']
Fri 13 Dec 2024 16:39:55 INFO  
General Hyper Parameters:
gpu_id = 0
use_gpu = True
seed = 2020
state = INFO
reproducibility = True
data_path = /Users/ethanreinhart/miniforge3/lib/python3.10/site-packages/recbole/config/../dataset_example/ml-100k
checkpoint_dir = saved
show_progress = True
save_dataset = False
dataset_save_path = None
save_dataloaders = False
dataloaders_save_path = None
log_wandb = False

Training Hyper Parameters:
epochs = 300
train_batch_size = 2048
learner = adam
learning_rate = 0.001
train_neg_sample_args = {'distribution': 'uniform', 'sample_num': 1, 'alpha': 1.0, 'dynamic': False, 'candidate_num': 0}
eval_step = 1
stopping_step = 10
clip_grad_norm = None
weight_decay = 0.0
loss_decimal_place = 4

Evaluation Hyper Parameters:
eval_args = {'split': {'RS': [0.8, 0.1, 0.1]}, 'order': 'RO', 'group_by': 'user', 'mode': {'valid': 'full', 'test': 'full'}}
repeatable = False
metrics = ['Recall', 'MRR', 'NDCG', 'Hit', 'Precision']
topk = [10]
valid_metric = MRR@10
valid_metric_bigger = True
eval_batch_size = 4096
metric_decimal_place = 4

Dataset Hyper Parameters:
field_separator = 	
seq_separator =  
USER_ID_FIELD = user_id
ITEM_ID_FIELD = item_id
RATING_FIELD = rating
TIME_FIELD = timestamp
seq_len = None
LABEL_FIELD = label
threshold = None
NEG_PREFIX = neg_
load_col = {'inter': ['user_id', 'item_id', 'rating', 'timestamp']}
unload_col = None
unused_col = None
additional_feat_suffix = None
rm_dup_inter = None
val_interval = None
filter_inter_by_user_or_item = True
user_inter_num_interval = None
item_inter_num_interval = None
alias_of_user_id = None
alias_of_item_id = None
alias_of_entity_id = None
alias_of_relation_id = None
preload_weight = None
normalize_field = None
normalize_all = True
ITEM_LIST_LENGTH_FIELD = item_length
LIST_SUFFIX = _list
MAX_ITEM_LIST_LENGTH = 50
POSITION_FIELD = position_id
HEAD_ENTITY_ID_FIELD = head_id
TAIL_ENTITY_ID_FIELD = tail_id
RELATION_ID_FIELD = relation_id
ENTITY_ID_FIELD = entity_id
kg_reverse_r = False
entity_kg_num_interval = None
relation_kg_num_interval = None
benchmark_filename = None

Other Hyper Parameters: 
worker = 0
wandb_project = recbole
shuffle = True
require_pow = False
enable_amp = False
enable_scaler = False
transform = None
mf_embedding_size = 64
mlp_embedding_size = 64
mlp_hidden_size = [128, 64]
dropout_prob = 0.1
mf_train = True
mlp_train = True
use_pretrain = False
mf_pretrain_path = None
mlp_pretrain_path = None
numerical_features = []
discretization = None
MODEL_TYPE = ModelType.GENERAL
MODEL_INPUT_TYPE = InputType.POINTWISE
eval_type = EvaluatorType.RANKING
single_spec = True
local_rank = 0
device = cpu
valid_neg_sample_args = {'distribution': 'uniform', 'sample_num': 'none'}
test_neg_sample_args = {'distribution': 'uniform', 'sample_num': 'none'}


Fri 13 Dec 2024 16:39:55 INFO  ml-100k
The number of users: 944
Average actions of users: 106.04453870625663
The number of items: 1683
Average actions of items: 59.45303210463734
The number of inters: 100000
The sparsity of the dataset: 93.70575143257098%
Remain Fields: ['user_id', 'item_id', 'rating', 'timestamp']
Fri 13 Dec 2024 16:39:55 INFO  [Training]: train_batch_size = [2048] train_neg_sample_args: [{'distribution': 'uniform', 'sample_num': 1, 'alpha': 1.0, 'dynamic': False, 'candidate_num': 0}]
Fri 13 Dec 2024 16:39:55 INFO  [Evaluation]: eval_batch_size = [4096] eval_args: [{'split': {'RS': [0.8, 0.1, 0.1]}, 'order': 'RO', 'group_by': 'user', 'mode': {'valid': 'full', 'test': 'full'}}]
Fri 13 Dec 2024 16:39:55 INFO  NeuMF(
  (user_mf_embedding): Embedding(944, 64)
  (item_mf_embedding): Embedding(1683, 64)
  (user_mlp_embedding): Embedding(944, 64)
  (item_mlp_embedding): Embedding(1683, 64)
  (mlp_layers): MLPLayers(
    (mlp_layers): Sequential(
      (0): Dropout(p=0.1, inplace=False)
      (1): Linear(in_features=128, out_features=128, bias=True)
      (2): ReLU()
      (3): Dropout(p=0.1, inplace=False)
      (4): Linear(in_features=128, out_features=64, bias=True)
      (5): ReLU()
    )
  )
  (predict_layer): Linear(in_features=128, out_features=1, bias=True)
  (sigmoid): Sigmoid()
  (loss): BCEWithLogitsLoss()
)
Trainable parameters: 361153
Fri 13 Dec 2024 16:39:55 INFO  FLOPs: 24960.0
Fri 13 Dec 2024 16:39:56 INFO  epoch 0 training [time: 0.41s, train loss: 46.5348]
Fri 13 Dec 2024 16:39:57 INFO  epoch 0 evaluating [time: 0.33s, valid_score: 0.213700]
Fri 13 Dec 2024 16:39:57 INFO  valid result: 
recall@10 : 0.0984    mrr@10 : 0.2137    ndcg@10 : 0.1117    hit@10 : 0.5058    precision@10 : 0.0861
Fri 13 Dec 2024 16:39:57 INFO  Saving current: saved/NeuMF-Dec-13-2024_16-39-55.pth
Fri 13 Dec 2024 16:39:57 INFO  epoch 1 training [time: 0.34s, train loss: 37.9413]
Fri 13 Dec 2024 16:39:57 INFO  epoch 1 evaluating [time: 0.33s, valid_score: 0.229900]
Fri 13 Dec 2024 16:39:57 INFO  valid result: 
recall@10 : 0.1117    mrr@10 : 0.2299    ndcg@10 : 0.121    hit@10 : 0.5376    precision@10 : 0.091
Fri 13 Dec 2024 16:39:57 INFO  Saving current: saved/NeuMF-Dec-13-2024_16-39-55.pth
Fri 13 Dec 2024 16:39:58 INFO  epoch 2 training [time: 0.35s, train loss: 36.9150]
Fri 13 Dec 2024 16:39:58 INFO  epoch 2 evaluating [time: 0.34s, valid_score: 0.262200]
Fri 13 Dec 2024 16:39:58 INFO  valid result: 
recall@10 : 0.1199    mrr@10 : 0.2622    ndcg@10 : 0.1357    hit@10 : 0.5631    precision@10 : 0.0966
Fri 13 Dec 2024 16:39:58 INFO  Saving current: saved/NeuMF-Dec-13-2024_16-39-55.pth
Fri 13 Dec 2024 16:39:58 INFO  epoch 3 training [time: 0.33s, train loss: 34.8095]
Fri 13 Dec 2024 16:39:59 INFO  epoch 3 evaluating [time: 0.34s, valid_score: 0.311900]
Fri 13 Dec 2024 16:39:59 INFO  valid result: 
recall@10 : 0.1584    mrr@10 : 0.3119    ndcg@10 : 0.1776    hit@10 : 0.6405    precision@10 : 0.128
Fri 13 Dec 2024 16:39:59 INFO  Saving current: saved/NeuMF-Dec-13-2024_16-39-55.pth
Fri 13 Dec 2024 16:39:59 INFO  epoch 4 training [time: 0.34s, train loss: 32.5960]
Fri 13 Dec 2024 16:39:59 INFO  epoch 4 evaluating [time: 0.31s, valid_score: 0.331600]
Fri 13 Dec 2024 16:39:59 INFO  valid result: 
recall@10 : 0.1724    mrr@10 : 0.3316    ndcg@10 : 0.1915    hit@10 : 0.6681    precision@10 : 0.1361
Fri 13 Dec 2024 16:39:59 INFO  Saving current: saved/NeuMF-Dec-13-2024_16-39-55.pth
Fri 13 Dec 2024 16:40:00 INFO  epoch 5 training [time: 0.34s, train loss: 31.0365]
Fri 13 Dec 2024 16:40:00 INFO  epoch 5 evaluating [time: 0.34s, valid_score: 0.333400]
Fri 13 Dec 2024 16:40:00 INFO  valid result: 
recall@10 : 0.1855    mrr@10 : 0.3334    ndcg@10 : 0.1989    hit@10 : 0.6819    precision@10 : 0.14
Fri 13 Dec 2024 16:40:00 INFO  Saving current: saved/NeuMF-Dec-13-2024_16-39-55.pth
Fri 13 Dec 2024 16:40:01 INFO  epoch 6 training [time: 0.34s, train loss: 29.9283]
Fri 13 Dec 2024 16:40:01 INFO  epoch 6 evaluating [time: 0.33s, valid_score: 0.341700]
Fri 13 Dec 2024 16:40:01 INFO  valid result: 
recall@10 : 0.1878    mrr@10 : 0.3417    ndcg@10 : 0.2017    hit@10 : 0.7052    precision@10 : 0.1422
Fri 13 Dec 2024 16:40:01 INFO  Saving current: saved/NeuMF-Dec-13-2024_16-39-55.pth
Fri 13 Dec 2024 16:40:01 INFO  epoch 7 training [time: 0.34s, train loss: 29.2202]
Fri 13 Dec 2024 16:40:02 INFO  epoch 7 evaluating [time: 0.32s, valid_score: 0.346500]
Fri 13 Dec 2024 16:40:02 INFO  valid result: 
recall@10 : 0.1918    mrr@10 : 0.3465    ndcg@10 : 0.2087    hit@10 : 0.7041    precision@10 : 0.1476
Fri 13 Dec 2024 16:40:02 INFO  Saving current: saved/NeuMF-Dec-13-2024_16-39-55.pth
Fri 13 Dec 2024 16:40:02 INFO  epoch 8 training [time: 0.34s, train loss: 28.4926]
Fri 13 Dec 2024 16:40:02 INFO  epoch 8 evaluating [time: 0.32s, valid_score: 0.346800]
Fri 13 Dec 2024 16:40:02 INFO  valid result: 
recall@10 : 0.1962    mrr@10 : 0.3468    ndcg@10 : 0.2111    hit@10 : 0.7063    precision@10 : 0.1484
Fri 13 Dec 2024 16:40:02 INFO  Saving current: saved/NeuMF-Dec-13-2024_16-39-55.pth
Fri 13 Dec 2024 16:40:03 INFO  epoch 9 training [time: 0.35s, train loss: 27.7774]
Fri 13 Dec 2024 16:40:03 INFO  epoch 9 evaluating [time: 0.32s, valid_score: 0.351900]
Fri 13 Dec 2024 16:40:03 INFO  valid result: 
recall@10 : 0.1943    mrr@10 : 0.3519    ndcg@10 : 0.2109    hit@10 : 0.7073    precision@10 : 0.1479
Fri 13 Dec 2024 16:40:03 INFO  Saving current: saved/NeuMF-Dec-13-2024_16-39-55.pth
Fri 13 Dec 2024 16:40:03 INFO  epoch 10 training [time: 0.33s, train loss: 27.1008]
Fri 13 Dec 2024 16:40:04 INFO  epoch 10 evaluating [time: 0.34s, valid_score: 0.348700]
Fri 13 Dec 2024 16:40:04 INFO  valid result: 
recall@10 : 0.1948    mrr@10 : 0.3487    ndcg@10 : 0.2115    hit@10 : 0.7105    precision@10 : 0.1491
Fri 13 Dec 2024 16:40:04 INFO  epoch 11 training [time: 0.35s, train loss: 26.4910]
Fri 13 Dec 2024 16:40:04 INFO  epoch 11 evaluating [time: 0.33s, valid_score: 0.360000]
Fri 13 Dec 2024 16:40:04 INFO  valid result: 
recall@10 : 0.1973    mrr@10 : 0.36    ndcg@10 : 0.217    hit@10 : 0.7094    precision@10 : 0.1508
Fri 13 Dec 2024 16:40:04 INFO  Saving current: saved/NeuMF-Dec-13-2024_16-39-55.pth
Fri 13 Dec 2024 16:40:05 INFO  epoch 12 training [time: 0.35s, train loss: 25.8704]
Fri 13 Dec 2024 16:40:05 INFO  epoch 12 evaluating [time: 0.34s, valid_score: 0.355300]
Fri 13 Dec 2024 16:40:05 INFO  valid result: 
recall@10 : 0.1986    mrr@10 : 0.3553    ndcg@10 : 0.215    hit@10 : 0.7137    precision@10 : 0.1503
Fri 13 Dec 2024 16:40:05 INFO  epoch 13 training [time: 0.34s, train loss: 25.3663]
Fri 13 Dec 2024 16:40:06 INFO  epoch 13 evaluating [time: 0.32s, valid_score: 0.358900]
Fri 13 Dec 2024 16:40:06 INFO  valid result: 
recall@10 : 0.1976    mrr@10 : 0.3589    ndcg@10 : 0.2143    hit@10 : 0.7158    precision@10 : 0.1494
Fri 13 Dec 2024 16:40:06 INFO  epoch 14 training [time: 0.34s, train loss: 25.0096]
Fri 13 Dec 2024 16:40:06 INFO  epoch 14 evaluating [time: 0.34s, valid_score: 0.362500]
Fri 13 Dec 2024 16:40:06 INFO  valid result: 
recall@10 : 0.2038    mrr@10 : 0.3625    ndcg@10 : 0.221    hit@10 : 0.72    precision@10 : 0.1549
Fri 13 Dec 2024 16:40:06 INFO  Saving current: saved/NeuMF-Dec-13-2024_16-39-55.pth
Fri 13 Dec 2024 16:40:07 INFO  epoch 15 training [time: 0.35s, train loss: 24.2332]
Fri 13 Dec 2024 16:40:07 INFO  epoch 15 evaluating [time: 0.33s, valid_score: 0.361200]
Fri 13 Dec 2024 16:40:07 INFO  valid result: 
recall@10 : 0.2025    mrr@10 : 0.3612    ndcg@10 : 0.2193    hit@10 : 0.719    precision@10 : 0.1532
Fri 13 Dec 2024 16:40:07 INFO  epoch 16 training [time: 0.35s, train loss: 23.7699]
Fri 13 Dec 2024 16:40:08 INFO  epoch 16 evaluating [time: 0.32s, valid_score: 0.367600]
Fri 13 Dec 2024 16:40:08 INFO  valid result: 
recall@10 : 0.2032    mrr@10 : 0.3676    ndcg@10 : 0.2208    hit@10 : 0.7285    precision@10 : 0.1529
Fri 13 Dec 2024 16:40:08 INFO  Saving current: saved/NeuMF-Dec-13-2024_16-39-55.pth
Fri 13 Dec 2024 16:40:08 INFO  epoch 17 training [time: 0.34s, train loss: 23.4157]
Fri 13 Dec 2024 16:40:08 INFO  epoch 17 evaluating [time: 0.32s, valid_score: 0.355500]
Fri 13 Dec 2024 16:40:08 INFO  valid result: 
recall@10 : 0.2063    mrr@10 : 0.3555    ndcg@10 : 0.2171    hit@10 : 0.7243    precision@10 : 0.153
Fri 13 Dec 2024 16:40:09 INFO  epoch 18 training [time: 0.34s, train loss: 22.7817]
Fri 13 Dec 2024 16:40:09 INFO  epoch 18 evaluating [time: 0.33s, valid_score: 0.367800]
Fri 13 Dec 2024 16:40:09 INFO  valid result: 
recall@10 : 0.2099    mrr@10 : 0.3678    ndcg@10 : 0.2221    hit@10 : 0.7423    precision@10 : 0.1559
Fri 13 Dec 2024 16:40:09 INFO  Saving current: saved/NeuMF-Dec-13-2024_16-39-55.pth
Fri 13 Dec 2024 16:40:09 INFO  epoch 19 training [time: 0.34s, train loss: 22.4745]
Fri 13 Dec 2024 16:40:10 INFO  epoch 19 evaluating [time: 0.35s, valid_score: 0.365000]
Fri 13 Dec 2024 16:40:10 INFO  valid result: 
recall@10 : 0.206    mrr@10 : 0.365    ndcg@10 : 0.2164    hit@10 : 0.7497    precision@10 : 0.1519
Fri 13 Dec 2024 16:40:10 INFO  epoch 20 training [time: 0.35s, train loss: 21.9439]
Fri 13 Dec 2024 16:40:10 INFO  epoch 20 evaluating [time: 0.33s, valid_score: 0.376800]
Fri 13 Dec 2024 16:40:10 INFO  valid result: 
recall@10 : 0.2176    mrr@10 : 0.3768    ndcg@10 : 0.2274    hit@10 : 0.7635    precision@10 : 0.1591
Fri 13 Dec 2024 16:40:10 INFO  Saving current: saved/NeuMF-Dec-13-2024_16-39-55.pth
Fri 13 Dec 2024 16:40:11 INFO  epoch 21 training [time: 0.34s, train loss: 21.5516]
Fri 13 Dec 2024 16:40:11 INFO  epoch 21 evaluating [time: 0.33s, valid_score: 0.366500]
Fri 13 Dec 2024 16:40:11 INFO  valid result: 
recall@10 : 0.2045    mrr@10 : 0.3665    ndcg@10 : 0.2179    hit@10 : 0.7328    precision@10 : 0.1511
Fri 13 Dec 2024 16:40:11 INFO  epoch 22 training [time: 0.36s, train loss: 21.2207]
Fri 13 Dec 2024 16:40:12 INFO  epoch 22 evaluating [time: 0.34s, valid_score: 0.370700]
Fri 13 Dec 2024 16:40:12 INFO  valid result: 
recall@10 : 0.2091    mrr@10 : 0.3707    ndcg@10 : 0.2214    hit@10 : 0.737    precision@10 : 0.1532
Fri 13 Dec 2024 16:40:12 INFO  epoch 23 training [time: 0.46s, train loss: 20.5711]
Fri 13 Dec 2024 16:40:13 INFO  epoch 23 evaluating [time: 0.38s, valid_score: 0.369700]
Fri 13 Dec 2024 16:40:13 INFO  valid result: 
recall@10 : 0.2113    mrr@10 : 0.3697    ndcg@10 : 0.2204    hit@10 : 0.7359    precision@10 : 0.1525
Fri 13 Dec 2024 16:40:13 INFO  epoch 24 training [time: 0.46s, train loss: 20.1088]
Fri 13 Dec 2024 16:40:13 INFO  epoch 24 evaluating [time: 0.35s, valid_score: 0.366000]
Fri 13 Dec 2024 16:40:13 INFO  valid result: 
recall@10 : 0.2069    mrr@10 : 0.366    ndcg@10 : 0.2165    hit@10 : 0.7381    precision@10 : 0.1497
Fri 13 Dec 2024 16:40:14 INFO  epoch 25 training [time: 0.33s, train loss: 19.9325]
Fri 13 Dec 2024 16:40:14 INFO  epoch 25 evaluating [time: 0.46s, valid_score: 0.359600]
Fri 13 Dec 2024 16:40:14 INFO  valid result: 
recall@10 : 0.2055    mrr@10 : 0.3596    ndcg@10 : 0.2154    hit@10 : 0.737    precision@10 : 0.1495
Fri 13 Dec 2024 16:40:14 INFO  epoch 26 training [time: 0.33s, train loss: 19.2516]
Fri 13 Dec 2024 16:40:15 INFO  epoch 26 evaluating [time: 0.35s, valid_score: 0.366200]
Fri 13 Dec 2024 16:40:15 INFO  valid result: 
recall@10 : 0.2108    mrr@10 : 0.3662    ndcg@10 : 0.2188    hit@10 : 0.7444    precision@10 : 0.1537
Fri 13 Dec 2024 16:40:15 INFO  epoch 27 training [time: 0.34s, train loss: 19.0827]
Fri 13 Dec 2024 16:40:15 INFO  epoch 27 evaluating [time: 0.34s, valid_score: 0.370700]
Fri 13 Dec 2024 16:40:15 INFO  valid result: 
recall@10 : 0.2115    mrr@10 : 0.3707    ndcg@10 : 0.2195    hit@10 : 0.754    precision@10 : 0.1525
Fri 13 Dec 2024 16:40:16 INFO  epoch 28 training [time: 0.33s, train loss: 18.4407]
Fri 13 Dec 2024 16:40:16 INFO  epoch 28 evaluating [time: 0.32s, valid_score: 0.371600]
Fri 13 Dec 2024 16:40:16 INFO  valid result: 
recall@10 : 0.2102    mrr@10 : 0.3716    ndcg@10 : 0.2189    hit@10 : 0.7455    precision@10 : 0.1512
Fri 13 Dec 2024 16:40:16 INFO  epoch 29 training [time: 0.34s, train loss: 17.8185]
Fri 13 Dec 2024 16:40:17 INFO  epoch 29 evaluating [time: 0.34s, valid_score: 0.366000]
Fri 13 Dec 2024 16:40:17 INFO  valid result: 
recall@10 : 0.2107    mrr@10 : 0.366    ndcg@10 : 0.22    hit@10 : 0.7434    precision@10 : 0.1528
Fri 13 Dec 2024 16:40:17 INFO  epoch 30 training [time: 0.33s, train loss: 17.4181]
Fri 13 Dec 2024 16:40:17 INFO  epoch 30 evaluating [time: 0.33s, valid_score: 0.366500]
Fri 13 Dec 2024 16:40:17 INFO  valid result: 
recall@10 : 0.2083    mrr@10 : 0.3665    ndcg@10 : 0.2184    hit@10 : 0.7402    precision@10 : 0.1505
Fri 13 Dec 2024 16:40:18 INFO  epoch 31 training [time: 0.34s, train loss: 17.2258]
Fri 13 Dec 2024 16:40:18 INFO  epoch 31 evaluating [time: 0.35s, valid_score: 0.375300]
Fri 13 Dec 2024 16:40:18 INFO  valid result: 
recall@10 : 0.2099    mrr@10 : 0.3753    ndcg@10 : 0.2216    hit@10 : 0.7423    precision@10 : 0.1515
Fri 13 Dec 2024 16:40:18 INFO  Finished training, best eval result in epoch 20
Fri 13 Dec 2024 16:40:18 INFO  Loading model structure and parameters from saved/NeuMF-Dec-13-2024_16-39-55.pth
Fri 13 Dec 2024 16:40:20 INFO  The running environment of this training is as follows:
+-------------+----------------+
| Environment |     Usage      |
+=============+================+
| CPU         |    11.20 %     |
+-------------+----------------+
| GPU         |   0.0 / 0.0    |
+-------------+----------------+
| Memory      | 0.58 G/18.00 G |
+-------------+----------------+
Fri 13 Dec 2024 16:40:20 INFO  best valid : OrderedDict([('recall@10', 0.2176), ('mrr@10', 0.3768), ('ndcg@10', 0.2274), ('hit@10', 0.7635), ('precision@10', 0.1591)])
Fri 13 Dec 2024 16:40:20 INFO  test result: OrderedDict([('recall@10', 0.2366), ('mrr@10', 0.4646), ('ndcg@10', 0.2807), ('hit@10', 0.7688), ('precision@10', 0.1932)])
